<?xml version="1.0" encoding="UTF-8"?>
<!-- Generated by org.testng.reporters.JUnitXMLReporter -->
<testsuite hostname="LAPTOP-V3EMUFAV" name="Default test" tests="8" failures="0" timestamp="27 Jul 2016 03:38:52 GMT" time="41.47" errors="0">
  <testcase name="firstNameEnter" time="2.21" classname="testNG.FacebookAccount"/>
  <testcase name="lastNameEnter" time="2.286" classname="testNG.FacebookAccount"/>
  <testcase name="emailEnter" time="2.209" classname="testNG.FacebookAccount"/>
  <testcase name="reEmailEnter" time="2.105" classname="testNG.FacebookAccount"/>
  <testcase name="passwordEnter" time="2.942" classname="testNG.FacebookAccount"/>
  <testcase name="birthday" time="2.625" classname="testNG.FacebookAccount"/>
  <testcase name="genderClick" time="2.214" classname="testNG.FacebookAccount"/>
  <testcase name="signUp" time="2.302" classname="testNG.FacebookAccount"/>
</testsuite> <!-- Default test -->
