<?xml version="1.0" encoding="UTF-8"?>
<testng-results skipped="0" failed="0" total="8" passed="8">
  <reporter-output>
  </reporter-output>
  <suite name="Suite" duration-ms="25698" started-at="2016-07-27T05:36:27Z" finished-at="2016-07-27T05:36:52Z">
    <groups>
    </groups>
    <test name="Test" duration-ms="25698" started-at="2016-07-27T05:36:27Z" finished-at="2016-07-27T05:36:52Z">
      <class name="testNG.FacebookAccount">
        <test-method status="PASS" signature="beforeClass()[pri:0, instance:testNG.FacebookAccount@4520ebad]" name="beforeClass" is-config="true" duration-ms="8088" started-at="2016-07-27T00:36:27Z" finished-at="2016-07-27T00:36:35Z">
          <reporter-output>
          </reporter-output>
        </test-method> <!-- beforeClass -->
        <test-method status="PASS" signature="firstNameEnter()[pri:0, instance:testNG.FacebookAccount@4520ebad]" name="firstNameEnter" duration-ms="2125" started-at="2016-07-27T00:36:35Z" finished-at="2016-07-27T00:36:37Z">
          <reporter-output>
          </reporter-output>
        </test-method> <!-- firstNameEnter -->
        <test-method status="PASS" signature="lastNameEnter()[pri:0, instance:testNG.FacebookAccount@4520ebad]" name="lastNameEnter" duration-ms="2120" started-at="2016-07-27T00:36:37Z" finished-at="2016-07-27T00:36:39Z">
          <reporter-output>
          </reporter-output>
        </test-method> <!-- lastNameEnter -->
        <test-method status="PASS" signature="emailEnter()[pri:0, instance:testNG.FacebookAccount@4520ebad]" name="emailEnter" duration-ms="2136" started-at="2016-07-27T00:36:39Z" finished-at="2016-07-27T00:36:41Z">
          <reporter-output>
          </reporter-output>
        </test-method> <!-- emailEnter -->
        <test-method status="PASS" signature="reEmailEnter()[pri:0, instance:testNG.FacebookAccount@4520ebad]" name="reEmailEnter" duration-ms="2142" started-at="2016-07-27T00:36:41Z" finished-at="2016-07-27T00:36:43Z">
          <reporter-output>
          </reporter-output>
        </test-method> <!-- reEmailEnter -->
        <test-method status="PASS" signature="passwordEnter()[pri:0, instance:testNG.FacebookAccount@4520ebad]" name="passwordEnter" duration-ms="2103" started-at="2016-07-27T00:36:43Z" finished-at="2016-07-27T00:36:45Z">
          <reporter-output>
          </reporter-output>
        </test-method> <!-- passwordEnter -->
        <test-method status="PASS" signature="birthday()[pri:0, instance:testNG.FacebookAccount@4520ebad]" name="birthday" duration-ms="2531" started-at="2016-07-27T00:36:45Z" finished-at="2016-07-27T00:36:48Z">
          <reporter-output>
          </reporter-output>
        </test-method> <!-- birthday -->
        <test-method status="PASS" signature="genderClick()[pri:0, instance:testNG.FacebookAccount@4520ebad]" name="genderClick" duration-ms="2184" started-at="2016-07-27T00:36:48Z" finished-at="2016-07-27T00:36:50Z">
          <reporter-output>
          </reporter-output>
        </test-method> <!-- genderClick -->
        <test-method status="PASS" signature="signUp()[pri:0, instance:testNG.FacebookAccount@4520ebad]" name="signUp" duration-ms="2203" started-at="2016-07-27T00:36:50Z" finished-at="2016-07-27T00:36:52Z">
          <reporter-output>
          </reporter-output>
        </test-method> <!-- signUp -->
        <test-method status="PASS" signature="afterClass()[pri:0, instance:testNG.FacebookAccount@4520ebad]" name="afterClass" is-config="true" duration-ms="41" started-at="2016-07-27T00:36:52Z" finished-at="2016-07-27T00:36:52Z">
          <reporter-output>
          </reporter-output>
        </test-method> <!-- afterClass -->
      </class> <!-- testNG.FacebookAccount -->
    </test> <!-- Test -->
  </suite> <!-- Suite -->
</testng-results>
